[35m[Appium][39m Welcome to Appium v1.22.3
[35m[Appium][39m Non-default server args:
[35m[Appium][39m   port: 56266
[35m[Appium][39m   loglevel: info
[35m[Appium][39m   tmpDir: D:\Users\bsi80197\AppData\Local\Temp\\Katalon\Appium\Temp1694091940356
[35m[Appium][39m   chromedriverPort: 56267
[35m[Appium][39m Deprecated server args:
[35m[Appium][39m   [31m--chromedriver-port[39m => --default-capabilities
[35m[Appium][39m Default capabilities, which will be added to each request unless overridden by desired capabilities:
[35m[Appium][39m   chromedriverPort: 56267
[35m[Appium][39m Appium REST http interface listener started on 0.0.0.0:56266
[35m[HTTP][39m [37m-->[39m [37mGET[39m [37m/wd/hub/status[39m
[35m[HTTP][39m [90m{}[39m
[35m[HTTP][39m [37m<-- GET /wd/hub/status [39m[32m200[39m [90m4 ms - 68[39m
[35m[HTTP][39m [90m[39m
[35m[HTTP][39m [37m-->[39m [37mGET[39m [37m/wd/hub/status[39m
[35m[HTTP][39m [90m{}[39m
[35m[HTTP][39m [37m<-- GET /wd/hub/status [39m[32m200[39m [90m1 ms - 68[39m
[35m[HTTP][39m [90m[39m
[35m[HTTP][39m [37m-->[39m [37mPOST[39m [37m/wd/hub/session[39m
[35m[HTTP][39m [90m{"desiredCapabilities":{"appActivity":".Settings","appPackage":"com.android.settings","newCommandTimeout":1800,"platformVersion":"14","automationName":"uiautomator2","autoGrantPermissions":true,"platformName":"Android","udid":"emulator-5554","deviceName":"emulator-5554 (sdk_gphone64_x86_64 - Android 14)","platform":"ANDROID","systemPort":8243},"capabilities":{"firstMatch":[{"appium:appActivity":".Settings","appium:appPackage":"com.android.settings","appium:autoGrantPermissions":true,"appium:automationName":"uiautomator2","appium:deviceName":"emulator-5554 (sdk_gphone64_x86_64 - Android 14)","appium:newCommandTimeout":1800,"platform":"ANDROID","platformName":"android","appium:platformVersion":"14","appium:systemPort":8243,"appium:udid":"emulator-5554"}]}}[39m
[35m[BaseDriver][39m The following capabilities are not standard capabilities and should have an extension prefix:
[35m[BaseDriver][39m   platform
[35m[BaseDriver][39m   chromedriverPort
[35m[Appium][39m Appium v1.22.3 creating new AndroidUiautomator2Driver (v1.70.1) session
[35m[BaseDriver][39m The following capabilities were provided, but are not recognized by Appium:
[35m[BaseDriver][39m   platform
[35m[BaseDriver][39m Session created with session id: d6c22086-0791-4723-9874-65e93835f62c
[35m[UiAutomator2][39m Starting 'com.android.settings' directly on the device
[35m[ADB][39m Found 1 'build-tools' folders under 'D:\Users\bsi80197\.katalon\tools\android_sdk' (newest first):
[35m[ADB][39m     D:/Users/bsi80197/.katalon/tools/android_sdk/build-tools/29.0.3
[35m[ADB][39m Using 'adb.exe' from 'D:\Users\bsi80197\.katalon\tools\android_sdk\platform-tools\adb.exe'
[35m[AndroidDriver][39m Retrieving device list
[35m[AndroidDriver][39m Using device: emulator-5554
[35m[ADB][39m Using 'adb.exe' from 'D:\Users\bsi80197\.katalon\tools\android_sdk\platform-tools\adb.exe'
[35m[ADB][39m Getting device platform version
[35m[UiAutomator2][39m Relaxing hidden api policy
[35m[AndroidDriver][39m No app sent in, not parsing package/activity
[35m[ADB][39m Using 'apksigner.jar' from 'D:\Users\bsi80197\.katalon\tools\android_sdk\build-tools\29.0.3\lib\apksigner.jar'
[35m[ADB][39m 'D:\Users\bsi80197\AppData\Roaming\npm\node_modules\appium\node_modules\appium-uiautomator2-server\apks\appium-uiautomator2-server-v4.27.0.apk' is signed with the default certificate
[35m[ADB][39m 'D:\Users\bsi80197\AppData\Roaming\npm\node_modules\appium\node_modules\appium-uiautomator2-server\apks\appium-uiautomator2-server-debug-androidTest.apk' is signed with the default certificate
[35m[UiAutomator2][39m Server packages are not going to be (re)installed
[35m[ADB][39m Adding packages ["io.appium.settings","io.appium.uiautomator2.server","io.appium.uiautomator2.server.test"] to Doze whitelist
[35m[UiAutomator2][39m Starting UIAutomator2 server 4.27.0
[35m[UiAutomator2][39m Using UIAutomator2 server from 'D:\Users\bsi80197\AppData\Roaming\npm\node_modules\appium\node_modules\appium-uiautomator2-server\apks\appium-uiautomator2-server-v4.27.0.apk' and test from 'D:\Users\bsi80197\AppData\Roaming\npm\node_modules\appium\node_modules\appium-uiautomator2-server\apks\appium-uiautomator2-server-debug-androidTest.apk'
[35m[UiAutomator2][39m Waiting up to 30000ms for UiAutomator2 to be online...
[35m[WD Proxy][39m socket hang up
[35m[WD Proxy][39m socket hang up
[35m[WD Proxy][39m Determined the downstream protocol as 'W3C'
[35m[AndroidDriver][39m Screen already unlocked, doing nothing
[35m[UiAutomator2][39m Starting 'com.android.settings/.Settings and waiting for 'com.android.settings/.Settings'
[35m[Appium][39m New AndroidUiautomator2Driver session created successfully, session d6c22086-0791-4723-9874-65e93835f62c added to master session list
[35m[HTTP][39m [37m<-- POST /wd/hub/session [39m[32m200[39m [90m6393 ms - 1197[39m
[35m[HTTP][39m [90m[39m
[35m[HTTP][39m [37m-->[39m [37mGET[39m [37m/wd/hub/session/d6c22086-0791-4723-9874-65e93835f62c[39m
[35m[HTTP][39m [90m{}[39m
[35m[HTTP][39m [37m<-- GET /wd/hub/session/d6c22086-0791-4723-9874-65e93835f62c [39m[32m200[39m [90m23 ms - 1151[39m
[35m[HTTP][39m [90m[39m
[35m[HTTP][39m [37m-->[39m [37mGET[39m [37m/wd/hub/session/d6c22086-0791-4723-9874-65e93835f62c[39m
[35m[HTTP][39m [90m{}[39m
[35m[HTTP][39m [37m<-- GET /wd/hub/session/d6c22086-0791-4723-9874-65e93835f62c [39m[32m200[39m [90m20 ms - 1151[39m
[35m[HTTP][39m [90m[39m
[35m[HTTP][39m [37m-->[39m [37mGET[39m [37m/wd/hub/status[39m
[35m[HTTP][39m [90m{}[39m
[35m[HTTP][39m [37m<-- GET /wd/hub/status [39m[32m200[39m [90m1 ms - 68[39m
[35m[HTTP][39m [90m[39m
[35m[HTTP][39m [37m-->[39m [37mPOST[39m [37m/wd/hub/session/d6c22086-0791-4723-9874-65e93835f62c/timeouts[39m
[35m[HTTP][39m [90m{"implicit":60000}[39m
[35m[HTTP][39m [37m<-- POST /wd/hub/session/d6c22086-0791-4723-9874-65e93835f62c/timeouts [39m[32m200[39m [90m4 ms - 14[39m
[35m[HTTP][39m [90m[39m
[35m[HTTP][39m [37m-->[39m [37mGET[39m [37m/wd/hub/session/d6c22086-0791-4723-9874-65e93835f62c/screenshot[39m
[35m[HTTP][39m [90m{}[39m
[35m[HTTP][39m [37m<-- GET /wd/hub/session/d6c22086-0791-4723-9874-65e93835f62c/screenshot [39m[32m200[39m [90m437 ms - 199086[39m
[35m[HTTP][39m [90m[39m
[35m[HTTP][39m [37m-->[39m [37mGET[39m [37m/wd/hub/session/d6c22086-0791-4723-9874-65e93835f62c/window/rect[39m
[35m[HTTP][39m [90m{}[39m
[35m[HTTP][39m [37m<-- GET /wd/hub/session/d6c22086-0791-4723-9874-65e93835f62c/window/rect [39m[32m200[39m [90m15 ms - 50[39m
[35m[HTTP][39m [90m[39m
[35m[HTTP][39m [37m-->[39m [37mGET[39m [37m/wd/hub/session/d6c22086-0791-4723-9874-65e93835f62c/appium/device/system_bars[39m
[35m[HTTP][39m [90m{}[39m
[35m[HTTP][39m [37m<-- GET /wd/hub/session/d6c22086-0791-4723-9874-65e93835f62c/appium/device/system_bars [39m[32m200[39m [90m81 ms - 145[39m
[35m[HTTP][39m [90m[39m
[35m[HTTP][39m [37m-->[39m [37mPOST[39m [37m/wd/hub/session/d6c22086-0791-4723-9874-65e93835f62c/appium/device/activate_app[39m
[35m[HTTP][39m [90m{"bundleId":"com.codingid.codingidhive.betastaging"}[39m
[35m[HTTP][39m [37m<-- POST /wd/hub/session/d6c22086-0791-4723-9874-65e93835f62c/appium/device/activate_app [39m[32m200[39m [90m383 ms - 14[39m
[35m[HTTP][39m [90m[39m
[35m[HTTP][39m [37m-->[39m [37mGET[39m [37m/wd/hub/session/d6c22086-0791-4723-9874-65e93835f62c/source[39m
[35m[HTTP][39m [90m{}[39m
[35m[W3C (d6c22086)][39m Driver proxy active, passing request on via HTTP proxy
[35m[WD Proxy][39m Replacing sessionId ebd3d6fa-96ae-4e94-b65f-2005c9da11a0 with d6c22086-0791-4723-9874-65e93835f62c
[35m[HTTP][39m [37m<-- GET /wd/hub/session/d6c22086-0791-4723-9874-65e93835f62c/source [39m[32m200[39m [90m1252 ms - 61326[39m
[35m[HTTP][39m [90m[39m
[35m[HTTP][39m [37m-->[39m [37mGET[39m [37m/wd/hub/session/d6c22086-0791-4723-9874-65e93835f62c/screenshot[39m
[35m[HTTP][39m [90m{}[39m
[35m[HTTP][39m [37m<-- GET /wd/hub/session/d6c22086-0791-4723-9874-65e93835f62c/screenshot [39m[32m200[39m [90m422 ms - 540492[39m
[35m[HTTP][39m [90m[39m
[35m[HTTP][39m [37m-->[39m [37mPOST[39m [37m/wd/hub/session/d6c22086-0791-4723-9874-65e93835f62c/elements[39m
[35m[HTTP][39m [90m{"using":"xpath","value":"//*[@class = 'android.widget.Button' and (@text = '' or . = '')]"}[39m
[35m[HTTP][39m [37m<-- POST /wd/hub/session/d6c22086-0791-4723-9874-65e93835f62c/elements [39m[32m200[39m [90m654 ms - 651[39m
[35m[HTTP][39m [90m[39m
[35m[HTTP][39m [37m-->[39m [37mPOST[39m [37m/wd/hub/session/d6c22086-0791-4723-9874-65e93835f62c/elements[39m
[35m[HTTP][39m [90m{"using":"-android uiautomator","value":"new UiSelector().className(\"android.widget.Button\")"}[39m
[35m[HTTP][39m [37m<-- POST /wd/hub/session/d6c22086-0791-4723-9874-65e93835f62c/elements [39m[32m200[39m [90m77 ms - 651[39m
[35m[HTTP][39m [90m[39m
[35m[HTTP][39m [37m-->[39m [37mGET[39m [37m/wd/hub/session/d6c22086-0791-4723-9874-65e93835f62c/window/rect[39m
[35m[HTTP][39m [90m{}[39m
[35m[HTTP][39m [37m<-- GET /wd/hub/session/d6c22086-0791-4723-9874-65e93835f62c/window/rect [39m[32m200[39m [90m8 ms - 50[39m
[35m[HTTP][39m [90m[39m
[35m[HTTP][39m [37m-->[39m [37mPOST[39m [37m/wd/hub/session/d6c22086-0791-4723-9874-65e93835f62c/elements[39m
[35m[HTTP][39m [90m{"using":"xpath","value":"//hierarchy/android.widget.FrameLayout[1]/android.widget.LinearLayout[1]/android.widget.FrameLayout[1]/android.widget.LinearLayout[1]/android.widget.FrameLayout[1]/android.widget.FrameLayout[1]/android.view.ViewGroup[1]/android.view.ViewGroup[1]/android.view.ViewGroup[2]/android.view.ViewGroup[1]/android.view.ViewGroup[1]/android.view.ViewGroup[1]/android.view.ViewGroup[2]/android.view.ViewGroup[1]/android.view.ViewGroup[1]/android.view.ViewGroup[1]/android.view.ViewGroup[1]/android.view.ViewGroup[1]/android.view.ViewGroup[1]/android.view.ViewGroup[1]/android.view.ViewGroup[2]/android.widget.Button[1]"}[39m
[35m[HTTP][39m [37m<-- POST /wd/hub/session/d6c22086-0791-4723-9874-65e93835f62c/elements [39m[32m200[39m [90m123 ms - 139[39m
[35m[HTTP][39m [90m[39m
[35m[HTTP][39m [37m-->[39m [37mGET[39m [37m/wd/hub/session/d6c22086-0791-4723-9874-65e93835f62c/element/00000000-0000-00cd-ffff-ffff00000040/location[39m
[35m[HTTP][39m [90m{}[39m
[35m[W3C (d6c22086)][39m Driver proxy active, passing request on via HTTP proxy
[35m[WD Proxy][39m Replacing sessionId ebd3d6fa-96ae-4e94-b65f-2005c9da11a0 with d6c22086-0791-4723-9874-65e93835f62c
[35m[HTTP][39m [37m<-- GET /wd/hub/session/d6c22086-0791-4723-9874-65e93835f62c/element/00000000-0000-00cd-ffff-ffff00000040/location [39m[32m200[39m [90m12 ms - 78[39m
[35m[HTTP][39m [90m[39m
[35m[HTTP][39m [37m-->[39m [37mPOST[39m [37m/wd/hub/session/d6c22086-0791-4723-9874-65e93835f62c/element/00000000-0000-00cd-ffff-ffff00000040/click[39m
[35m[HTTP][39m [90m{"id":"00000000-0000-00cd-ffff-ffff00000040"}[39m
[35m[HTTP][39m [37m<-- POST /wd/hub/session/d6c22086-0791-4723-9874-65e93835f62c/element/00000000-0000-00cd-ffff-ffff00000040/click [39m[32m200[39m [90m37 ms - 14[39m
[35m[HTTP][39m [90m[39m
[35m[HTTP][39m [37m-->[39m [37mGET[39m [37m/wd/hub/session/d6c22086-0791-4723-9874-65e93835f62c/source[39m
[35m[HTTP][39m [90m{}[39m
[35m[W3C (d6c22086)][39m Driver proxy active, passing request on via HTTP proxy
[35m[WD Proxy][39m Replacing sessionId ebd3d6fa-96ae-4e94-b65f-2005c9da11a0 with d6c22086-0791-4723-9874-65e93835f62c
[35m[HTTP][39m [37m<-- GET /wd/hub/session/d6c22086-0791-4723-9874-65e93835f62c/source [39m[32m200[39m [90m728 ms - 80487[39m
[35m[HTTP][39m [90m[39m
[35m[HTTP][39m [37m-->[39m [37mGET[39m [37m/wd/hub/session/d6c22086-0791-4723-9874-65e93835f62c/screenshot[39m
[35m[HTTP][39m [90m{}[39m
[35m[HTTP][39m [37m<-- GET /wd/hub/session/d6c22086-0791-4723-9874-65e93835f62c/screenshot [39m[32m200[39m [90m184 ms - 155672[39m
[35m[HTTP][39m [90m[39m
[35m[HTTP][39m [37m-->[39m [37mPOST[39m [37m/wd/hub/session/d6c22086-0791-4723-9874-65e93835f62c/elements[39m
[35m[HTTP][39m [90m{"using":"xpath","value":"//*[@class = 'android.widget.TextView' and (@text = 'Register, now!' or . = 'Register, now!')]"}[39m
[35m[HTTP][39m [37m<-- POST /wd/hub/session/d6c22086-0791-4723-9874-65e93835f62c/elements [39m[32m200[39m [90m317 ms - 139[39m
[35m[HTTP][39m [90m[39m
[35m[HTTP][39m [37m-->[39m [37mGET[39m [37m/wd/hub/session/d6c22086-0791-4723-9874-65e93835f62c/window/rect[39m
[35m[HTTP][39m [90m{}[39m
[35m[HTTP][39m [37m<-- GET /wd/hub/session/d6c22086-0791-4723-9874-65e93835f62c/window/rect [39m[32m200[39m [90m8 ms - 50[39m
[35m[HTTP][39m [90m[39m
[35m[HTTP][39m [37m-->[39m [37mPOST[39m [37m/wd/hub/session/d6c22086-0791-4723-9874-65e93835f62c/elements[39m
[35m[HTTP][39m [90m{"using":"xpath","value":"//*[@class = 'android.widget.TextView' and (@text = 'Register, now!' or . = 'Register, now!')]"}[39m
[35m[HTTP][39m [37m<-- POST /wd/hub/session/d6c22086-0791-4723-9874-65e93835f62c/elements [39m[32m200[39m [90m278 ms - 139[39m
[35m[HTTP][39m [90m[39m
[35m[HTTP][39m [37m-->[39m [37mGET[39m [37m/wd/hub/session/d6c22086-0791-4723-9874-65e93835f62c/element/00000000-0000-00cd-ffff-ffff00000219/location[39m
[35m[HTTP][39m [90m{}[39m
[35m[W3C (d6c22086)][39m Driver proxy active, passing request on via HTTP proxy
[35m[WD Proxy][39m Replacing sessionId ebd3d6fa-96ae-4e94-b65f-2005c9da11a0 with d6c22086-0791-4723-9874-65e93835f62c
[35m[HTTP][39m [37m<-- GET /wd/hub/session/d6c22086-0791-4723-9874-65e93835f62c/element/00000000-0000-00cd-ffff-ffff00000219/location [39m[32m200[39m [90m10 ms - 79[39m
[35m[HTTP][39m [90m[39m
[35m[HTTP][39m [37m-->[39m [37mPOST[39m [37m/wd/hub/session/d6c22086-0791-4723-9874-65e93835f62c/element/00000000-0000-00cd-ffff-ffff00000219/click[39m
[35m[HTTP][39m [90m{"id":"00000000-0000-00cd-ffff-ffff00000219"}[39m
[35m[HTTP][39m [37m<-- POST /wd/hub/session/d6c22086-0791-4723-9874-65e93835f62c/element/00000000-0000-00cd-ffff-ffff00000219/click [39m[32m200[39m [90m38 ms - 14[39m
[35m[HTTP][39m [90m[39m
[35m[HTTP][39m [37m-->[39m [37mGET[39m [37m/wd/hub/session/d6c22086-0791-4723-9874-65e93835f62c/source[39m
[35m[HTTP][39m [90m{}[39m
[35m[W3C (d6c22086)][39m Driver proxy active, passing request on via HTTP proxy
[35m[WD Proxy][39m Replacing sessionId ebd3d6fa-96ae-4e94-b65f-2005c9da11a0 with d6c22086-0791-4723-9874-65e93835f62c
[35m[HTTP][39m [37m<-- GET /wd/hub/session/d6c22086-0791-4723-9874-65e93835f62c/source [39m[32m200[39m [90m831 ms - 106380[39m
[35m[HTTP][39m [90m[39m
[35m[HTTP][39m [37m-->[39m [37mGET[39m [37m/wd/hub/session/d6c22086-0791-4723-9874-65e93835f62c/screenshot[39m
[35m[HTTP][39m [90m{}[39m
[35m[HTTP][39m [37m<-- GET /wd/hub/session/d6c22086-0791-4723-9874-65e93835f62c/screenshot [39m[32m200[39m [90m195 ms - 180050[39m
[35m[HTTP][39m [90m[39m
[35m[HTTP][39m [37m-->[39m [37mPOST[39m [37m/wd/hub/session/d6c22086-0791-4723-9874-65e93835f62c/elements[39m
[35m[HTTP][39m [90m{"using":"xpath","value":"//*[@class = 'android.widget.TextView' and (@text = '󰸗' or . = '󰸗')]"}[39m
[35m[HTTP][39m [37m<-- POST /wd/hub/session/d6c22086-0791-4723-9874-65e93835f62c/elements [39m[32m200[39m [90m382 ms - 139[39m
[35m[HTTP][39m [90m[39m
[35m[HTTP][39m [37m-->[39m [37mGET[39m [37m/wd/hub/session/d6c22086-0791-4723-9874-65e93835f62c/window/rect[39m
[35m[HTTP][39m [90m{}[39m
[35m[HTTP][39m [37m<-- GET /wd/hub/session/d6c22086-0791-4723-9874-65e93835f62c/window/rect [39m[32m200[39m [90m6 ms - 50[39m
[35m[HTTP][39m [90m[39m
[35m[HTTP][39m [37m-->[39m [37mPOST[39m [37m/wd/hub/session/d6c22086-0791-4723-9874-65e93835f62c/elements[39m
[35m[HTTP][39m [90m{"using":"xpath","value":"//*[@class = 'android.widget.TextView' and (@text = '󰸗' or . = '󰸗')]"}[39m
[35m[HTTP][39m [37m<-- POST /wd/hub/session/d6c22086-0791-4723-9874-65e93835f62c/elements [39m[32m200[39m [90m346 ms - 139[39m
[35m[HTTP][39m [90m[39m
[35m[HTTP][39m [37m-->[39m [37mGET[39m [37m/wd/hub/session/d6c22086-0791-4723-9874-65e93835f62c/element/00000000-0000-00cd-ffff-ffff000002e5/location[39m
[35m[HTTP][39m [90m{}[39m
[35m[W3C (d6c22086)][39m Driver proxy active, passing request on via HTTP proxy
[35m[WD Proxy][39m Replacing sessionId ebd3d6fa-96ae-4e94-b65f-2005c9da11a0 with d6c22086-0791-4723-9874-65e93835f62c
[35m[HTTP][39m [37m<-- GET /wd/hub/session/d6c22086-0791-4723-9874-65e93835f62c/element/00000000-0000-00cd-ffff-ffff000002e5/location [39m[32m200[39m [90m14 ms - 78[39m
[35m[HTTP][39m [90m[39m
[35m[HTTP][39m [37m-->[39m [37mPOST[39m [37m/wd/hub/session/d6c22086-0791-4723-9874-65e93835f62c/element/00000000-0000-00cd-ffff-ffff000002e5/click[39m
[35m[HTTP][39m [90m{"id":"00000000-0000-00cd-ffff-ffff000002e5"}[39m
[35m[HTTP][39m [37m<-- POST /wd/hub/session/d6c22086-0791-4723-9874-65e93835f62c/element/00000000-0000-00cd-ffff-ffff000002e5/click [39m[32m200[39m [90m38 ms - 14[39m
[35m[HTTP][39m [90m[39m
[35m[HTTP][39m [37m-->[39m [37mGET[39m [37m/wd/hub/session/d6c22086-0791-4723-9874-65e93835f62c/source[39m
[35m[HTTP][39m [90m{}[39m
[35m[W3C (d6c22086)][39m Driver proxy active, passing request on via HTTP proxy
[35m[WD Proxy][39m Replacing sessionId ebd3d6fa-96ae-4e94-b65f-2005c9da11a0 with d6c22086-0791-4723-9874-65e93835f62c
[35m[HTTP][39m [37m<-- GET /wd/hub/session/d6c22086-0791-4723-9874-65e93835f62c/source [39m[32m200[39m [90m666 ms - 23707[39m
[35m[HTTP][39m [90m[39m
[35m[HTTP][39m [37m-->[39m [37mGET[39m [37m/wd/hub/session/d6c22086-0791-4723-9874-65e93835f62c/screenshot[39m
[35m[HTTP][39m [90m{}[39m
[35m[HTTP][39m [37m<-- GET /wd/hub/session/d6c22086-0791-4723-9874-65e93835f62c/screenshot [39m[32m200[39m [90m194 ms - 213852[39m
[35m[HTTP][39m [90m[39m
[35m[HTTP][39m [37m-->[39m [37mPOST[39m [37m/wd/hub/session/d6c22086-0791-4723-9874-65e93835f62c/elements[39m
[35m[HTTP][39m [90m{"using":"xpath","value":"//*[@class = 'android.widget.Button' and (@text = 'CANCEL' or . = 'CANCEL') and @resource-id = 'android:id/button2']"}[39m
[35m[HTTP][39m [37m<-- POST /wd/hub/session/d6c22086-0791-4723-9874-65e93835f62c/elements [39m[32m200[39m [90m110 ms - 139[39m
[35m[HTTP][39m [90m[39m
[35m[HTTP][39m [37m-->[39m [37mGET[39m [37m/wd/hub/session/d6c22086-0791-4723-9874-65e93835f62c/window/rect[39m
[35m[HTTP][39m [90m{}[39m
[35m[HTTP][39m [37m<-- GET /wd/hub/session/d6c22086-0791-4723-9874-65e93835f62c/window/rect [39m[32m200[39m [90m7 ms - 50[39m
[35m[HTTP][39m [90m[39m
[35m[HTTP][39m [37m-->[39m [37mPOST[39m [37m/wd/hub/session/d6c22086-0791-4723-9874-65e93835f62c/elements[39m
[35m[HTTP][39m [90m{"using":"xpath","value":"//*[@class = 'android.widget.Button' and (@text = 'CANCEL' or . = 'CANCEL') and @resource-id = 'android:id/button2']"}[39m
[35m[HTTP][39m [37m<-- POST /wd/hub/session/d6c22086-0791-4723-9874-65e93835f62c/elements [39m[32m200[39m [90m104 ms - 139[39m
[35m[HTTP][39m [90m[39m
[35m[HTTP][39m [37m-->[39m [37mGET[39m [37m/wd/hub/session/d6c22086-0791-4723-9874-65e93835f62c/element/00000000-0000-00d8-ffff-ffff00000366/location[39m
[35m[HTTP][39m [90m{}[39m
[35m[W3C (d6c22086)][39m Driver proxy active, passing request on via HTTP proxy
[35m[WD Proxy][39m Replacing sessionId ebd3d6fa-96ae-4e94-b65f-2005c9da11a0 with d6c22086-0791-4723-9874-65e93835f62c
[35m[HTTP][39m [37m<-- GET /wd/hub/session/d6c22086-0791-4723-9874-65e93835f62c/element/00000000-0000-00d8-ffff-ffff00000366/location [39m[32m200[39m [90m9 ms - 79[39m
[35m[HTTP][39m [90m[39m
[35m[HTTP][39m [37m-->[39m [37mPOST[39m [37m/wd/hub/session/d6c22086-0791-4723-9874-65e93835f62c/element/00000000-0000-00d8-ffff-ffff00000366/click[39m
[35m[HTTP][39m [90m{"id":"00000000-0000-00d8-ffff-ffff00000366"}[39m
[35m[HTTP][39m [37m<-- POST /wd/hub/session/d6c22086-0791-4723-9874-65e93835f62c/element/00000000-0000-00d8-ffff-ffff00000366/click [39m[32m200[39m [90m48 ms - 14[39m
[35m[HTTP][39m [90m[39m
[35m[HTTP][39m [37m-->[39m [37mGET[39m [37m/wd/hub/session/d6c22086-0791-4723-9874-65e93835f62c/source[39m
[35m[HTTP][39m [90m{}[39m
[35m[W3C (d6c22086)][39m Driver proxy active, passing request on via HTTP proxy
[35m[WD Proxy][39m Replacing sessionId ebd3d6fa-96ae-4e94-b65f-2005c9da11a0 with d6c22086-0791-4723-9874-65e93835f62c
[35m[HTTP][39m [37m<-- GET /wd/hub/session/d6c22086-0791-4723-9874-65e93835f62c/source [39m[32m200[39m [90m387 ms - 105902[39m
[35m[HTTP][39m [90m[39m
[35m[HTTP][39m [37m-->[39m [37mGET[39m [37m/wd/hub/session/d6c22086-0791-4723-9874-65e93835f62c/screenshot[39m
[35m[HTTP][39m [90m{}[39m
[35m[HTTP][39m [37m<-- GET /wd/hub/session/d6c22086-0791-4723-9874-65e93835f62c/screenshot [39m[32m200[39m [90m184 ms - 186388[39m
[35m[HTTP][39m [90m[39m
[35m[HTTP][39m [37m-->[39m [37mPOST[39m [37m/wd/hub/session/d6c22086-0791-4723-9874-65e93835f62c/elements[39m
[35m[HTTP][39m [90m{"using":"xpath","value":"//*[@class = 'android.widget.TextView' and (@text = 'Birthdate cant be empty' or . = 'Birthdate cant be empty')]"}[39m
[35m[HTTP][39m [37m<-- POST /wd/hub/session/d6c22086-0791-4723-9874-65e93835f62c/elements [39m[32m200[39m [90m326 ms - 139[39m
[35m[HTTP][39m [90m[39m
[35m[HTTP][39m [37m-->[39m [37mGET[39m [37m/wd/hub/session/d6c22086-0791-4723-9874-65e93835f62c/window/rect[39m
[35m[HTTP][39m [90m{}[39m
[35m[HTTP][39m [37m<-- GET /wd/hub/session/d6c22086-0791-4723-9874-65e93835f62c/window/rect [39m[32m200[39m [90m6 ms - 50[39m
[35m[HTTP][39m [90m[39m
[35m[HTTP][39m [37m-->[39m [37mPOST[39m [37m/wd/hub/session/d6c22086-0791-4723-9874-65e93835f62c/elements[39m
[35m[HTTP][39m [90m{"using":"xpath","value":"//*[@class = 'android.widget.TextView' and (@text = 'Birthdate cant be empty' or . = 'Birthdate cant be empty')]"}[39m
[35m[HTTP][39m [37m<-- POST /wd/hub/session/d6c22086-0791-4723-9874-65e93835f62c/elements [39m[32m200[39m [90m317 ms - 139[39m
[35m[HTTP][39m [90m[39m
[35m[HTTP][39m [37m-->[39m [37mGET[39m [37m/wd/hub/session/d6c22086-0791-4723-9874-65e93835f62c/element/00000000-0000-00cd-ffff-ffff00000344/location[39m
[35m[HTTP][39m [90m{}[39m
[35m[W3C (d6c22086)][39m Driver proxy active, passing request on via HTTP proxy
[35m[WD Proxy][39m Replacing sessionId ebd3d6fa-96ae-4e94-b65f-2005c9da11a0 with d6c22086-0791-4723-9874-65e93835f62c
[35m[HTTP][39m [37m<-- GET /wd/hub/session/d6c22086-0791-4723-9874-65e93835f62c/element/00000000-0000-00cd-ffff-ffff00000344/location [39m[32m200[39m [90m12 ms - 77[39m
[35m[HTTP][39m [90m[39m
[35m[HTTP][39m [37m-->[39m [37mGET[39m [37m/wd/hub/session/d6c22086-0791-4723-9874-65e93835f62c/element/00000000-0000-00cd-ffff-ffff00000344/text[39m
[35m[HTTP][39m [90m{}[39m
[35m[W3C (d6c22086)][39m Driver proxy active, passing request on via HTTP proxy
[35m[WD Proxy][39m Replacing sessionId ebd3d6fa-96ae-4e94-b65f-2005c9da11a0 with d6c22086-0791-4723-9874-65e93835f62c
[35m[HTTP][39m [37m<-- GET /wd/hub/session/d6c22086-0791-4723-9874-65e93835f62c/element/00000000-0000-00cd-ffff-ffff00000344/text [39m[32m200[39m [90m9 ms - 86[39m
[35m[HTTP][39m [90m[39m
[35m[HTTP][39m [37m-->[39m [37mGET[39m [37m/wd/hub/session/d6c22086-0791-4723-9874-65e93835f62c/source[39m
[35m[HTTP][39m [90m{}[39m
[35m[W3C (d6c22086)][39m Driver proxy active, passing request on via HTTP proxy
[35m[WD Proxy][39m Replacing sessionId ebd3d6fa-96ae-4e94-b65f-2005c9da11a0 with d6c22086-0791-4723-9874-65e93835f62c
[35m[HTTP][39m [37m<-- GET /wd/hub/session/d6c22086-0791-4723-9874-65e93835f62c/source [39m[32m200[39m [90m343 ms - 105902[39m
[35m[HTTP][39m [90m[39m
[35m[HTTP][39m [37m-->[39m [37mGET[39m [37m/wd/hub/session/d6c22086-0791-4723-9874-65e93835f62c/screenshot[39m
[35m[HTTP][39m [90m{}[39m
[35m[HTTP][39m [37m<-- GET /wd/hub/session/d6c22086-0791-4723-9874-65e93835f62c/screenshot [39m[32m200[39m [90m185 ms - 186388[39m
[35m[HTTP][39m [90m[39m
[35m[HTTP][39m [37m-->[39m [37mDELETE[39m [37m/wd/hub/session/d6c22086-0791-4723-9874-65e93835f62c[39m
[35m[HTTP][39m [90m{}[39m
[35m[Appium][39m Removing session d6c22086-0791-4723-9874-65e93835f62c from our master session list
[35m[UiAutomator2][39m Restoring hidden api policy to the device default configuration
[35m[HTTP][39m [37m<-- DELETE /wd/hub/session/d6c22086-0791-4723-9874-65e93835f62c [39m[32m200[39m [90m290 ms - 14[39m
[35m[HTTP][39m [90m[39m
